# JRE version: OpenJDK Runtime Environment (21.0.8) (build 21.0.8+-14196175-b1038.72)
# Java VM: OpenJDK 64-Bit Server VM (21.0.8+-14196175-b1038.72, mixed mode, tiered, compressed oops, compressed class ptrs, g1 gc, windows-amd64)
GC Precious Log:
 CardTable entry size: 512
 Card Set container configuration: InlinePtr #cards 4 size 8 Array Of Cards #cards 32 size 80 Howl #buckets 8 coarsen threshold 7372 Howl Bitmap #cards 1024 size 144 coarsen threshold 921 Card regions per heap region 1 cards per card region 8192
 CPUs: 16 total, 16 available
 Memory: 32693M
 Large Page Support: Disabled
 NUMA Support: Disabled
 Compressed Oops: Enabled (Zero based)
 Heap Region Size: 4M
 Heap Min Capacity: 8M
 Heap Initial Capacity: 512M
 Heap Max Capacity: 8G
 Pre-touch: Disabled
 Parallel Workers: 13
 Concurrent Workers: 3
 Concurrent Refinement Workers: 13
 Periodic GC: Disabled
Heap:
 garbage-first heap   total 786432K, used 493414K [0x0000000600000000, 0x0000000800000000)
  region size 4096K, 10 young (40960K), 4 survivors (16384K)
 Metaspace       used 196194K, committed 199040K, reserved 1245184K
  class space    used 26570K, committed 27904K, reserved 1048576K
GC Heap History (20 events):
Event: 478.524 GC heap before
{Heap before GC invocations=53 (full 0):
 garbage-first heap   total 540672K, used 476840K [0x0000000600000000, 0x0000000800000000)
  region size 4096K, 57 young (233472K), 6 survivors (24576K)
 Metaspace       used 171706K, committed 174400K, reserved 1245184K
  class space    used 23099K, committed 24384K, reserved 1048576K
}
Event: 478.538 GC heap after
{Heap after GC invocations=54 (full 0):
 garbage-first heap   total 540672K, used 287785K [0x0000000600000000, 0x0000000800000000)
  region size 4096K, 8 young (32768K), 8 survivors (32768K)
 Metaspace       used 171706K, committed 174400K, reserved 1245184K
  class space    used 23099K, committed 24384K, reserved 1048576K
}
Event: 481.240 GC heap before
{Heap before GC invocations=54 (full 0):
 garbage-first heap   total 540672K, used 468009K [0x0000000600000000, 0x0000000800000000)
  region size 4096K, 53 young (217088K), 8 survivors (32768K)
 Metaspace       used 173338K, committed 176128K, reserved 1245184K
  class space    used 23223K, committed 24576K, reserved 1048576K
}
Event: 481.256 GC heap after
{Heap after GC invocations=55 (full 0):
 garbage-first heap   total 540672K, used 302901K [0x0000000600000000, 0x0000000800000000)
  region size 4096K, 6 young (24576K), 6 survivors (24576K)
 Metaspace       used 173338K, committed 176128K, reserved 1245184K
  class space    used 23223K, committed 24576K, reserved 1048576K
}
Event: 483.000 GC heap before
{Heap before GC invocations=55 (full 0):
 garbage-first heap   total 540672K, used 474933K [0x0000000600000000, 0x0000000800000000)
  region size 4096K, 49 young (200704K), 6 survivors (24576K)
 Metaspace       used 175283K, committed 178112K, reserved 1245184K
  class space    used 23472K, committed 24832K, reserved 1048576K
}
Event: 483.007 GC heap after
{Heap after GC invocations=56 (full 0):
 garbage-first heap   total 540672K, used 310569K [0x0000000600000000, 0x0000000800000000)
  region size 4096K, 6 young (24576K), 6 survivors (24576K)
 Metaspace       used 175283K, committed 178112K, reserved 1245184K
  class space    used 23472K, committed 24832K, reserved 1048576K
}
Event: 484.510 GC heap before
{Heap before GC invocations=57 (full 0):
 garbage-first heap   total 540672K, used 474409K [0x0000000600000000, 0x0000000800000000)
  region size 4096K, 47 young (192512K), 6 survivors (24576K)
 Metaspace       used 181026K, committed 183744K, reserved 1245184K
  class space    used 24336K, committed 25664K, reserved 1048576K
}
Event: 484.521 GC heap after
{Heap after GC invocations=58 (full 0):
 garbage-first heap   total 540672K, used 326107K [0x0000000600000000, 0x0000000800000000)
  region size 4096K, 6 young (24576K), 6 survivors (24576K)
 Metaspace       used 181026K, committed 183744K, reserved 1245184K
  class space    used 24336K, committed 25664K, reserved 1048576K
}
Event: 485.657 GC heap before
{Heap before GC invocations=58 (full 0):
 garbage-first heap   total 540672K, used 481755K [0x0000000600000000, 0x0000000800000000)
  region size 4096K, 44 young (180224K), 6 survivors (24576K)
 Metaspace       used 186482K, committed 189248K, reserved 1245184K
  class space    used 25099K, committed 26432K, reserved 1048576K
}
Event: 485.682 GC heap after
{Heap after GC invocations=59 (full 0):
 garbage-first heap   total 557056K, used 336995K [0x0000000600000000, 0x0000000800000000)
  region size 4096K, 6 young (24576K), 6 survivors (24576K)
 Metaspace       used 186482K, committed 189248K, reserved 1245184K
  class space    used 25099K, committed 26432K, reserved 1048576K
}
Event: 485.812 GC heap before
{Heap before GC invocations=59 (full 0):
 garbage-first heap   total 557056K, used 353379K [0x0000000600000000, 0x0000000800000000)
  region size 4096K, 11 young (45056K), 6 survivors (24576K)
 Metaspace       used 186878K, committed 189760K, reserved 1245184K
  class space    used 25175K, committed 26560K, reserved 1048576K
}
Event: 485.819 GC heap after
{Heap after GC invocations=60 (full 0):
 garbage-first heap   total 557056K, used 345682K [0x0000000600000000, 0x0000000800000000)
  region size 4096K, 2 young (8192K), 2 survivors (8192K)
 Metaspace       used 186878K, committed 189760K, reserved 1245184K
  class space    used 25175K, committed 26560K, reserved 1048576K
}
Event: 486.698 GC heap before
{Heap before GC invocations=61 (full 0):
 garbage-first heap   total 630784K, used 505426K [0x0000000600000000, 0x0000000800000000)
  region size 4096K, 35 young (143360K), 2 survivors (8192K)
 Metaspace       used 190413K, committed 193216K, reserved 1245184K
  class space    used 25798K, committed 27136K, reserved 1048576K
}
Event: 486.713 GC heap after
{Heap after GC invocations=62 (full 0):
 garbage-first heap   total 630784K, used 392768K [0x0000000600000000, 0x0000000800000000)
  region size 4096K, 5 young (20480K), 5 survivors (20480K)
 Metaspace       used 190413K, committed 193216K, reserved 1245184K
  class space    used 25798K, committed 27136K, reserved 1048576K
}
Event: 487.457 GC heap before
{Heap before GC invocations=62 (full 0):
 garbage-first heap   total 630784K, used 540224K [0x0000000600000000, 0x0000000800000000)
  region size 4096K, 42 young (172032K), 5 survivors (20480K)
 Metaspace       used 193679K, committed 196480K, reserved 1245184K
  class space    used 26342K, committed 27712K, reserved 1048576K
}
Event: 487.497 GC heap after
{Heap after GC invocations=63 (full 0):
 garbage-first heap   total 634880K, used 446464K [0x0000000600000000, 0x0000000800000000)
  region size 4096K, 6 young (24576K), 6 survivors (24576K)
 Metaspace       used 193679K, committed 196480K, reserved 1245184K
  class space    used 26342K, committed 27712K, reserved 1048576K
}
Event: 488.203 GC heap before
{Heap before GC invocations=63 (full 0):
 garbage-first heap   total 634880K, used 544768K [0x0000000600000000, 0x0000000800000000)
  region size 4096K, 31 young (126976K), 6 survivors (24576K)
 Metaspace       used 195580K, committed 198336K, reserved 1245184K
  class space    used 26513K, committed 27840K, reserved 1048576K
}
Event: 488.217 GC heap after
{Heap after GC invocations=64 (full 0):
 garbage-first heap   total 634880K, used 464206K [0x0000000600000000, 0x0000000800000000)
  region size 4096K, 4 young (16384K), 4 survivors (16384K)
 Metaspace       used 195580K, committed 198336K, reserved 1245184K
  class space    used 26513K, committed 27840K, reserved 1048576K
}
Event: 488.448 GC heap before
{Heap before GC invocations=64 (full 0):
 garbage-first heap   total 634880K, used 554318K [0x0000000600000000, 0x0000000800000000)
  region size 4096K, 27 young (110592K), 4 survivors (16384K)
 Metaspace       used 195952K, committed 198784K, reserved 1245184K
  class space    used 26537K, committed 27904K, reserved 1048576K
}
Event: 488.457 GC heap after
{Heap after GC invocations=65 (full 0):
 garbage-first heap   total 786432K, used 477030K [0x0000000600000000, 0x0000000800000000)
  region size 4096K, 4 young (16384K), 4 survivors (16384K)
 Metaspace       used 195952K, committed 198784K, reserved 1245184K
  class space    used 26537K, committed 27904K, reserved 1048576K
}

